2020-10-15 11:52:19.075	info	user-srv/main.go:25	micro.Action test ...
2020-10-15 11:52:19.075	info	user-srv/main.go:41	启动user-srv服务 ...
2020-10-15 11:52:19.076	info	user-srv/main.go:36	micro.AfterStart test ...
2020-10-15 11:53:43.784	info	user-srv/main.go:26	micro.Action test ...
2020-10-15 11:53:43.790	info	user-srv/main.go:42	启动user-srv服务 ...
2020-10-15 11:53:43.791	info	user-srv/main.go:37	micro.AfterStart test ...
2020-10-15 14:12:38.262	info	user-srv/main.go:26	micro.Action test ...
2020-10-15 14:12:38.267	info	user-srv/main.go:42	启动user-srv服务 ...
2020-10-15 14:12:38.269	info	user-srv/main.go:37	micro.AfterStart test ...
2020-10-15 14:15:04.040	info	UserHandler	handler/user.go:60	SelectUser ... 
2020-10-15 14:33:11.313	info	user-srv/main.go:26	micro.Action test ...
2020-10-15 14:33:11.319	info	user-srv/main.go:42	启动user-srv服务 ...
2020-10-15 14:33:11.320	info	user-srv/main.go:37	micro.AfterStart test ...
2020-10-15 14:36:12.062	info	user-srv/main.go:26	micro.Action test ...
2020-10-15 14:36:12.067	info	user-srv/main.go:42	启动user-srv服务 ...
2020-10-15 14:36:12.068	info	user-srv/main.go:37	micro.AfterStart test ...
2020-10-15 14:36:55.090	info	user-srv/main.go:26	micro.Action test ...
2020-10-15 14:36:55.096	info	user-srv/main.go:42	启动user-srv服务 ...
2020-10-15 14:36:55.097	info	user-srv/main.go:37	micro.AfterStart test ...
2020-10-15 14:39:57.948	info	user-srv/main.go:26	micro.Action test ...
2020-10-15 14:39:57.953	info	user-srv/main.go:42	启动user-srv服务 ...
2020-10-15 14:39:57.954	info	user-srv/main.go:37	micro.AfterStart test ...
2020-10-15 14:40:19.958	info	handler/user.go:28	InsertUser ...
2020-10-15 14:40:43.889	info	UserHandler	handler/user.go:60	SelectUser ... 
2020-10-15 14:43:05.387	info	handler/user.go:28	InsertUser ...
2020-10-15 14:43:17.150	info	handler/user.go:28	InsertUser ...
2020-10-15 14:43:19.626	info	handler/user.go:28	InsertUser ...
2020-10-15 14:43:20.293	info	handler/user.go:28	InsertUser ...
2020-10-15 14:43:20.799	info	handler/user.go:28	InsertUser ...
2020-10-15 14:43:22.153	info	handler/user.go:28	InsertUser ...
2020-10-15 14:43:23.104	info	handler/user.go:28	InsertUser ...
2020-10-15 14:45:40.499	info	handler/user.go:82	ModifyUser ... 1
2020-10-15 14:46:18.843	info	handler/user.go:82	ModifyUser ... 1
2020-10-15 14:46:56.691	info	UserHandler	handler/user.go:60	SelectUser ... 
2020-10-15 14:48:52.695	info	UserHandler	handler/user.go:60	SelectUser ... 
2020-10-15 14:49:04.332	info	handler/user.go:47	DeletetUser ...
2020-10-15 14:49:09.736	info	UserHandler	handler/user.go:60	SelectUser ... 
2020-10-15 16:55:53.234	info	user-srv/main.go:26	micro.Action test ...
2020-10-15 16:55:53.241	info	user-srv/main.go:42	启动user-srv服务 ...
2020-10-15 16:55:53.242	info	user-srv/main.go:37	micro.AfterStart test ...
2020-10-15 17:00:51.102	info	user-srv/main.go:26	micro.Action test ...
2020-10-15 17:00:51.108	info	user-srv/main.go:42	启动user-srv服务 ...
2020-10-15 17:00:51.110	info	user-srv/main.go:37	micro.AfterStart test ...
2020-10-15 17:14:47.843	info	user-srv/main.go:29	micro.Action test ...
2020-10-15 17:14:47.849	info	user-srv/main.go:45	启动user-srv服务 ...
2020-10-15 17:14:47.850	info	user-srv/main.go:40	micro.AfterStart test ...
